{"contracts/AdvancedContract.sol":{"l":{"16":18,"17":3,"18":3,"20":15,"25":11,"26":11,"27":11,"32":1,"37":8,"42":11,"43":10,"44":10,"45":10,"46":10,"51":4,"52":3,"53":2,"54":2,"55":2,"56":2,"61":1},"path":"/mnt/c/Users/Ivan/desktop/blockchain-course/contracts/AdvancedContract.sol","s":{"1":18,"2":3,"3":3,"4":11,"5":1,"6":8,"7":11,"8":10,"9":10,"10":10,"11":4,"12":3,"13":2,"14":2,"15":2,"16":1},"b":{"1":[3,15],"2":[11,3],"3":[10,1],"4":[4,0],"5":[3,1],"6":[2,1]},"f":{"1":18,"2":11,"3":1,"4":8,"5":11,"6":4,"7":1},"fnMap":{"1":{"name":"onlyOwner","line":15,"loc":{"start":{"line":15,"column":4},"end":{"line":21,"column":4}}},"2":{"name":"constructor","line":24,"loc":{"start":{"line":24,"column":4},"end":{"line":28,"column":4}}},"3":{"name":"getOwner","line":31,"loc":{"start":{"line":31,"column":4},"end":{"line":33,"column":4}}},"4":{"name":"getValue","line":36,"loc":{"start":{"line":36,"column":4},"end":{"line":38,"column":4}}},"5":{"name":"setValue","line":41,"loc":{"start":{"line":41,"column":4},"end":{"line":47,"column":4}}},"6":{"name":"incrementValue","line":50,"loc":{"start":{"line":50,"column":4},"end":{"line":57,"column":4}}},"7":{"name":"getValueHistory","line":60,"loc":{"start":{"line":60,"column":4},"end":{"line":62,"column":4}}}},"statementMap":{"1":{"start":{"line":16,"column":8},"end":{"line":16,"column":566}},"2":{"start":{"line":17,"column":12},"end":{"line":17,"column":47}},"3":{"start":{"line":18,"column":12},"end":{"line":18,"column":61}},"4":{"start":{"line":27,"column":8},"end":{"line":27,"column":37}},"5":{"start":{"line":32,"column":8},"end":{"line":32,"column":20}},"6":{"start":{"line":37,"column":8},"end":{"line":37,"column":26}},"7":{"start":{"line":42,"column":8},"end":{"line":42,"column":55}},"8":{"start":{"line":43,"column":8},"end":{"line":43,"column":38}},"9":{"start":{"line":45,"column":8},"end":{"line":45,"column":34}},"10":{"start":{"line":46,"column":8},"end":{"line":46,"column":45}},"11":{"start":{"line":51,"column":8},"end":{"line":51,"column":60}},"12":{"start":{"line":52,"column":8},"end":{"line":52,"column":70}},"13":{"start":{"line":53,"column":8},"end":{"line":53,"column":38}},"14":{"start":{"line":55,"column":8},"end":{"line":55,"column":37}},"15":{"start":{"line":56,"column":8},"end":{"line":56,"column":58}},"16":{"start":{"line":61,"column":8},"end":{"line":61,"column":27}}},"branchMap":{"1":{"line":16,"type":"if","locations":[{"start":{"line":16,"column":8},"end":{"line":16,"column":8}},{"start":{"line":16,"column":8},"end":{"line":16,"column":8}}]},"2":{"line":41,"type":"if","locations":[{"start":{"line":41,"column":47},"end":{"line":41,"column":47}},{"start":{"line":41,"column":47},"end":{"line":41,"column":47}}]},"3":{"line":42,"type":"if","locations":[{"start":{"line":42,"column":8},"end":{"line":42,"column":8}},{"start":{"line":42,"column":8},"end":{"line":42,"column":8}}]},"4":{"line":50,"type":"if","locations":[{"start":{"line":50,"column":54},"end":{"line":50,"column":54}},{"start":{"line":50,"column":54},"end":{"line":50,"column":54}}]},"5":{"line":51,"type":"if","locations":[{"start":{"line":51,"column":8},"end":{"line":51,"column":8}},{"start":{"line":51,"column":8},"end":{"line":51,"column":8}}]},"6":{"line":52,"type":"if","locations":[{"start":{"line":52,"column":8},"end":{"line":52,"column":8}},{"start":{"line":52,"column":8},"end":{"line":52,"column":8}}]}}},"contracts/Lock.sol":{"l":{"14":2,"19":1,"20":1,"27":5,"28":4,"30":3,"32":3},"path":"/mnt/c/Users/Ivan/desktop/blockchain-course/contracts/Lock.sol","s":{"1":2,"2":5,"3":4,"4":3,"5":3},"b":{"1":[1,1],"2":[4,1],"3":[3,1]},"f":{"1":2,"2":5},"fnMap":{"1":{"name":"constructor","line":13,"loc":{"start":{"line":13,"column":4},"end":{"line":21,"column":4}}},"2":{"name":"withdraw","line":23,"loc":{"start":{"line":23,"column":4},"end":{"line":33,"column":4}}}},"statementMap":{"1":{"start":{"line":14,"column":8},"end":{"line":14,"column":327}},"2":{"start":{"line":27,"column":8},"end":{"line":27,"column":71}},"3":{"start":{"line":28,"column":8},"end":{"line":28,"column":59}},"4":{"start":{"line":30,"column":8},"end":{"line":30,"column":63}},"5":{"start":{"line":32,"column":8},"end":{"line":32,"column":44}}},"branchMap":{"1":{"line":14,"type":"if","locations":[{"start":{"line":14,"column":8},"end":{"line":14,"column":8}},{"start":{"line":14,"column":8},"end":{"line":14,"column":8}}]},"2":{"line":27,"type":"if","locations":[{"start":{"line":27,"column":8},"end":{"line":27,"column":8}},{"start":{"line":27,"column":8},"end":{"line":27,"column":8}}]},"3":{"line":28,"type":"if","locations":[{"start":{"line":28,"column":8},"end":{"line":28,"column":8}},{"start":{"line":28,"column":8},"end":{"line":28,"column":8}}]}}},"contracts/SecureBank.sol":{"l":{"10":0,"14":0,"15":0,"19":0,"20":0,"24":0,"25":0,"26":0,"27":0,"31":0,"35":0,"36":0,"37":0,"38":0},"path":"/mnt/c/Users/Ivan/desktop/blockchain-course/contracts/SecureBank.sol","s":{"1":0,"2":0,"3":0,"4":0,"5":0,"6":0,"7":0,"8":0,"9":0,"10":0},"b":{"1":[0,0],"2":[0,0],"3":[0,0],"4":[0,0],"5":[0,0],"6":[0,0],"7":[0,0]},"f":{"1":0,"2":0,"3":0,"4":0,"5":0,"6":0},"fnMap":{"1":{"name":"constructor","line":9,"loc":{"start":{"line":9,"column":4},"end":{"line":11,"column":4}}},"2":{"name":"onlyOwner","line":13,"loc":{"start":{"line":13,"column":4},"end":{"line":16,"column":4}}},"3":{"name":"deposit","line":18,"loc":{"start":{"line":18,"column":4},"end":{"line":21,"column":4}}},"4":{"name":"withdraw","line":23,"loc":{"start":{"line":23,"column":4},"end":{"line":28,"column":4}}},"5":{"name":"getBalance","line":30,"loc":{"start":{"line":30,"column":4},"end":{"line":32,"column":4}}},"6":{"name":"withdrawAll","line":34,"loc":{"start":{"line":34,"column":4},"end":{"line":39,"column":4}}}},"statementMap":{"1":{"start":{"line":14,"column":8},"end":{"line":14,"column":65}},"2":{"start":{"line":19,"column":8},"end":{"line":19,"column":73}},"3":{"start":{"line":24,"column":8},"end":{"line":24,"column":70}},"4":{"start":{"line":26,"column":8},"end":{"line":26,"column":61}},"5":{"start":{"line":27,"column":8},"end":{"line":27,"column":44}},"6":{"start":{"line":31,"column":8},"end":{"line":31,"column":32}},"7":{"start":{"line":35,"column":8},"end":{"line":35,"column":55}},"8":{"start":{"line":36,"column":8},"end":{"line":36,"column":63}},"9":{"start":{"line":37,"column":8},"end":{"line":37,"column":65}},"10":{"start":{"line":38,"column":8},"end":{"line":38,"column":44}}},"branchMap":{"1":{"line":14,"type":"if","locations":[{"start":{"line":14,"column":8},"end":{"line":14,"column":8}},{"start":{"line":14,"column":8},"end":{"line":14,"column":8}}]},"2":{"line":19,"type":"if","locations":[{"start":{"line":19,"column":8},"end":{"line":19,"column":8}},{"start":{"line":19,"column":8},"end":{"line":19,"column":8}}]},"3":{"line":24,"type":"if","locations":[{"start":{"line":24,"column":8},"end":{"line":24,"column":8}},{"start":{"line":24,"column":8},"end":{"line":24,"column":8}}]},"4":{"line":27,"type":"if","locations":[{"start":{"line":27,"column":8},"end":{"line":27,"column":8}},{"start":{"line":27,"column":8},"end":{"line":27,"column":8}}]},"5":{"line":34,"type":"if","locations":[{"start":{"line":34,"column":36},"end":{"line":34,"column":36}},{"start":{"line":34,"column":36},"end":{"line":34,"column":36}}]},"6":{"line":36,"type":"if","locations":[{"start":{"line":36,"column":8},"end":{"line":36,"column":8}},{"start":{"line":36,"column":8},"end":{"line":36,"column":8}}]},"7":{"line":38,"type":"if","locations":[{"start":{"line":38,"column":8},"end":{"line":38,"column":8}},{"start":{"line":38,"column":8},"end":{"line":38,"column":8}}]}}},"contracts/SimpleStorage.sol":{"l":{"12":3,"13":2,"17":3,"22":2,"23":2,"28":1,"33":0,"34":0},"path":"/mnt/c/Users/Ivan/desktop/blockchain-course/contracts/SimpleStorage.sol","s":{"1":3,"2":2,"3":1,"4":0},"b":{"1":[2,1],"2":[2,1],"3":[0,0]},"f":{"1":3,"2":3,"3":2,"4":1,"5":0},"fnMap":{"1":{"name":"onlyOwner","line":11,"loc":{"start":{"line":11,"column":4},"end":{"line":14,"column":4}}},"2":{"name":"constructor","line":16,"loc":{"start":{"line":16,"column":4},"end":{"line":18,"column":4}}},"3":{"name":"set","line":21,"loc":{"start":{"line":21,"column":4},"end":{"line":24,"column":4}}},"4":{"name":"get","line":27,"loc":{"start":{"line":27,"column":4},"end":{"line":29,"column":4}}},"5":{"name":"reset","line":32,"loc":{"start":{"line":32,"column":4},"end":{"line":35,"column":4}}}},"statementMap":{"1":{"start":{"line":12,"column":8},"end":{"line":12,"column":76}},"2":{"start":{"line":23,"column":8},"end":{"line":23,"column":32}},"3":{"start":{"line":28,"column":8},"end":{"line":28,"column":26}},"4":{"start":{"line":34,"column":8},"end":{"line":34,"column":36}}},"branchMap":{"1":{"line":12,"type":"if","locations":[{"start":{"line":12,"column":8},"end":{"line":12,"column":8}},{"start":{"line":12,"column":8},"end":{"line":12,"column":8}}]},"2":{"line":21,"type":"if","locations":[{"start":{"line":21,"column":39},"end":{"line":21,"column":39}},{"start":{"line":21,"column":39},"end":{"line":21,"column":39}}]},"3":{"line":32,"type":"if","locations":[{"start":{"line":32,"column":28},"end":{"line":32,"column":28}},{"start":{"line":32,"column":28},"end":{"line":32,"column":28}}]}}}}